<?xml version="1.0" encoding="UTF-8"?>
<!-- Generated by org.testng.reporters.JUnitXMLReporter -->
<testsuite hostname="Admins-MacBook-Pro-2.local" ignored="0" name="Default test" tests="3" failures="0" timestamp="30 Jun 2019 03:20:08 GMT" time="0.057" errors="0">
  <testcase name="testConnectMsSQL" time="0.005" classname="com.june.july.batch.LearningGroup"/>
  <testcase name="testConnectOracle" time="0.002" classname="com.june.july.batch.LearningGroup"/>
  <testcase name="runFinal" time="0.002" classname="com.june.july.batch.LearningGroup"/>
</testsuite> <!-- Default test -->
