<?xml version="1.0" encoding="UTF-8"?>
<!-- Generated by org.testng.reporters.JUnitXMLReporter -->
<testsuite hostname="Admins-MacBook-Pro-2.local" ignored="1" name="Test" tests="19" failures="0" timestamp="02 Jul 2019 03:32:25 GMT" time="8.311" errors="0">
  <testcase name="openBrowser" time="0.008" classname="com.june.july.batch.TestNGAnnotation"/>
  <testcase name="firstTest" time="0.001" classname="com.june.july.batch.TestNGAnnotations"/>
  <testcase name="secondTest" time="0.001" classname="com.june.july.batch.TestNGAnnotations"/>
  <testcase name="amazon" time="3.752" classname="com.june.july.batch.Reports"/>
  <testcase name="amazon" time="4.17" classname="com.june.july.batch.Reports2"/>
  <testcase name="openURL" time="0.001" classname="com.june.july.batch.TestNgDemo"/>
  <testcase name="searchProduct" time="0.002" classname="com.june.july.batch.TestNgDemo"/>
  <testcase name="search" time="0.002" classname="com.june.july.batch.TestNGAnnotation"/>
  <testcase name="plp" time="0.005" classname="com.june.july.batch.TestNgDemo"/>
  <testcase name="pdpPage" time="0.004" classname="com.june.july.batch.TestNGAnnotation"/>
  <testcase name="pdp" time="0.001" classname="com.june.july.batch.TestNgDemo"/>
  <testcase name="addCart" time="0.003" classname="com.june.july.batch.TestNGAnnotation"/>
  <testcase name="addToCart" time="0.003" classname="com.june.july.batch.TestNgDemo"/>
  <testcase name="address" time="0.001" classname="com.june.july.batch.TestNGAnnotation"/>
  <testcase name="addAddress" time="0.001" classname="com.june.july.batch.TestNgDemo"/>
  <testcase name="payment" time="0.003" classname="com.june.july.batch.TestNGAnnotation"/>
  <testcase name="paymentCOd" time="0.0" classname="com.june.july.batch.TestNgDemo"/>
  <testcase name="logOut" time="0.001" classname="com.june.july.batch.TestNGAnnotation"/>
  <testcase name="logOut" time="0.002" classname="com.june.july.batch.TestNgDemo"/>
  <testcase name="login" time="0.0" classname="com.june.july.batch.TestNGAnnotation">
    <ignored/>
  </testcase> <!-- login -->
</testsuite> <!-- Test -->
