<?xml version="1.0" encoding="UTF-8"?>
<!-- Generated by org.testng.reporters.JUnitXMLReporter -->
<testsuite hostname="Admins-MacBook-Pro-2.local" ignored="2" name="Test" tests="14" failures="0" timestamp="30 Jun 2019 03:11:16 GMT" time="0.18" errors="0">
  <testcase name="addAddress" time="0.008" classname="com.june.july.batch.TestNgDemo3"/>
  <testcase name="addToCart" time="0.005" classname="com.june.july.batch.TestNgDemo3"/>
  <testcase name="logOut" time="0.008" classname="com.june.july.batch.TestNgDemo3"/>
  <testcase name="paymentCOd" time="0.001" classname="com.june.july.batch.TestNgDemo3"/>
  <testcase name="pdp" time="0.017" classname="com.june.july.batch.TestNgDemo3"/>
  <testcase name="plp" time="0.003" classname="com.june.july.batch.TestNgDemo3"/>
  <testcase name="searchProduct" time="0.002" classname="com.june.july.batch.TestNgDemo3"/>
  <testcase name="addAddress" time="0.003" classname="com.june.july.batch.TestNgDemo2"/>
  <testcase name="addToCart" time="0.011" classname="com.june.july.batch.TestNgDemo2"/>
  <testcase name="logOut" time="0.003" classname="com.june.july.batch.TestNgDemo2"/>
  <testcase name="paymentCOd" time="0.001" classname="com.june.july.batch.TestNgDemo2"/>
  <testcase name="pdp" time="0.003" classname="com.june.july.batch.TestNgDemo2"/>
  <testcase name="plp" time="0.002" classname="com.june.july.batch.TestNgDemo2"/>
  <testcase name="searchProduct" time="0.005" classname="com.june.july.batch.TestNgDemo2"/>
  <testcase name="@AfterSuite closeBrowser" time="0.0" classname="com.june.july.batch.LaunchBrowser">
    <ignored/>
  </testcase> <!-- @AfterSuite closeBrowser -->
  <testcase name="@BeforeSuite launchBrowser" time="0.0" classname="com.june.july.batch.LaunchBrowser">
    <ignored/>
  </testcase> <!-- @BeforeSuite launchBrowser -->
</testsuite> <!-- Test -->
