<?xml version="1.0" encoding="UTF-8"?>
<testng-results skipped="0" failed="0" ignored="0" total="1" passed="1">
  <reporter-output>
  </reporter-output>
  <suite name="Default suite" duration-ms="6962" started-at="2019-07-09T03:39:37Z" finished-at="2019-07-09T03:39:44Z">
    <groups>
    </groups>
    <test name="Default test" duration-ms="6962" started-at="2019-07-09T03:39:37Z" finished-at="2019-07-09T03:39:44Z">
      <class name="seleniumPrograms.PrintAllLinks">
        <test-method status="PASS" signature="openBrowser()[pri:0, instance:seleniumPrograms.PrintAllLinks@87f383f]" name="openBrowser" duration-ms="6924" started-at="2019-07-09T03:39:37Z" finished-at="2019-07-09T03:39:44Z">
          <reporter-output>
          </reporter-output>
        </test-method> <!-- openBrowser -->
      </class> <!-- seleniumPrograms.PrintAllLinks -->
    </test> <!-- Default test -->
  </suite> <!-- Default suite -->
</testng-results>
