<?xml version="1.0" encoding="UTF-8"?>
<testng-results skipped="0" failed="0" ignored="0" total="1" passed="1">
  <reporter-output>
  </reporter-output>
  <suite name="Default suite" duration-ms="23654" started-at="2019-07-07T04:00:40Z" finished-at="2019-07-07T04:01:04Z">
    <groups>
    </groups>
    <test name="Default test" duration-ms="23654" started-at="2019-07-07T04:00:40Z" finished-at="2019-07-07T04:01:04Z">
      <class name="LaunchBrowser.LaunchBw">
        <test-method status="PASS" signature="launchBw()[pri:0, instance:LaunchBrowser.LaunchBw@77caeb3e]" name="launchBw" is-config="true" duration-ms="9219" started-at="2019-07-07T04:00:40Z" finished-at="2019-07-07T04:00:49Z">
          <reporter-output>
          </reporter-output>
        </test-method> <!-- launchBw -->
        <test-method status="PASS" signature="test()[pri:0, instance:LaunchBrowser.LaunchBw@77caeb3e]" name="test" duration-ms="14244" started-at="2019-07-07T04:00:49Z" finished-at="2019-07-07T04:01:03Z">
          <reporter-output>
          </reporter-output>
        </test-method> <!-- test -->
        <test-method status="PASS" signature="close()[pri:0, instance:LaunchBrowser.LaunchBw@77caeb3e]" name="close" is-config="true" duration-ms="171" started-at="2019-07-07T04:01:03Z" finished-at="2019-07-07T04:01:04Z">
          <reporter-output>
          </reporter-output>
        </test-method> <!-- close -->
      </class> <!-- LaunchBrowser.LaunchBw -->
    </test> <!-- Default test -->
  </suite> <!-- Default suite -->
</testng-results>
