<?xml version="1.0" encoding="UTF-8"?>
<!-- Generated by org.testng.reporters.JUnitXMLReporter -->
<testsuite hostname="Admins-MacBook-Pro-2.local" ignored="0" name="Test" tests="8" failures="0" timestamp="30 Jun 2019 03:36:04 GMT" time="6.639" errors="0">
  <testcase name="searchProduct" time="0.007" classname="com.june.july.batch.TestNgDemo2"/>
  <testcase name="addAddress" time="0.006" classname="com.june.july.batch.TestNgDemo3"/>
  <testcase name="addToCart" time="0.002" classname="com.june.july.batch.TestNgDemo3"/>
  <testcase name="logOut" time="0.001" classname="com.june.july.batch.TestNgDemo3"/>
  <testcase name="pdp" time="0.001" classname="com.june.july.batch.TestNgDemo3"/>
  <testcase name="searchProduct" time="0.001" classname="com.june.july.batch.TestNgDemo3"/>
  <testcase name="paymentCOd" time="0.002" classname="com.june.july.batch.TestNgDemo3"/>
  <testcase name="plp" time="0.001" classname="com.june.july.batch.TestNgDemo3"/>
</testsuite> <!-- Test -->
