<?xml version="1.0" encoding="UTF-8"?>
<!-- Generated by org.testng.reporters.JUnitReportReporter -->
<testsuite skipped="1" hostname="Admins-MacBook-Pro-2.local" name="com.june.july.batch.TestNG.TestNgDemo3" tests="7" failures="1" timestamp="06 Jul 2019 02:29:26 GMT" time="0.116" errors="0">
  <testcase name="logOut" time="0.007" classname="com.june.july.batch.TestNG.TestNgDemo3"/>
  <testcase name="paymentCOd" time="0.061" classname="com.june.july.batch.TestNG.TestNgDemo3">
    <failure type="java.lang.AssertionError" message="Fail..">
      <![CDATA[java.lang.AssertionError: Fail..
at org.testng.Assert.fail(Assert.java:96)
at com.june.july.batch.TestNG.TestNgDemo3.paymentCOd(TestNgDemo3.java:53)
at sun.reflect.NativeMethodAccessorImpl.invoke0(Native Method)
at sun.reflect.NativeMethodAccessorImpl.invoke(NativeMethodAccessorImpl.java:62)
at sun.reflect.DelegatingMethodAccessorImpl.invoke(DelegatingMethodAccessorImpl.java:43)
at java.lang.reflect.Method.invoke(Method.java:498)
at org.testng.internal.MethodInvocationHelper.invokeMethod(MethodInvocationHelper.java:124)
at org.testng.internal.Invoker.invokeMethod(Invoker.java:583)
at org.testng.internal.Invoker.invokeTestMethod(Invoker.java:719)
at org.testng.internal.Invoker.invokeTestMethods(Invoker.java:989)
at org.testng.internal.TestMethodWorker.invokeTestMethods(TestMethodWorker.java:125)
at org.testng.internal.TestMethodWorker.run(TestMethodWorker.java:109)
at org.testng.TestRunner.privateRun(TestRunner.java:648)
at org.testng.TestRunner.run(TestRunner.java:505)
at org.testng.SuiteRunner.runTest(SuiteRunner.java:455)
at org.testng.SuiteRunner.runSequentially(SuiteRunner.java:450)
at org.testng.SuiteRunner.privateRun(SuiteRunner.java:415)
at org.testng.SuiteRunner.run(SuiteRunner.java:364)
at org.testng.SuiteRunnerWorker.runSuite(SuiteRunnerWorker.java:52)
at org.testng.SuiteRunnerWorker.run(SuiteRunnerWorker.java:84)
at org.testng.TestNG.runSuitesSequentially(TestNG.java:1208)
at org.testng.TestNG.runSuitesLocally(TestNG.java:1137)
at org.testng.TestNG.runSuites(TestNG.java:1049)
at org.testng.TestNG.run(TestNG.java:1017)
at org.testng.remote.AbstractRemoteTestNG.run(AbstractRemoteTestNG.java:114)
at org.testng.remote.RemoteTestNG.initAndRun(RemoteTestNG.java:251)
at org.testng.remote.RemoteTestNG.main(RemoteTestNG.java:77)
]]>
    </failure>
  </testcase> <!-- paymentCOd -->
  <testcase name="addToCart" time="0.014" classname="com.june.july.batch.TestNG.TestNgDemo3">
    <skipped/>
  </testcase> <!-- addToCart -->
  <testcase name="plp" time="0.008" classname="com.june.july.batch.TestNG.TestNgDemo3"/>
  <testcase name="pdp" time="0.006" classname="com.june.july.batch.TestNG.TestNgDemo3"/>
  <testcase name="addAddress" time="0.010" classname="com.june.july.batch.TestNG.TestNgDemo3"/>
  <testcase name="searchProduct" time="0.010" classname="com.june.july.batch.TestNG.TestNgDemo3"/>
</testsuite> <!-- com.june.july.batch.TestNG.TestNgDemo3 -->
